New log file opened at Sun Jun 26 19:26:47 IST 2016 by 48890@Daniels-MBP
Taking next connection to: 63320
New client attempting to connect on port: 63321-63320
  Address = /192.168.43.92:63320
This client on port 63321 has uuid a6b72b69-808f-404a-a539-176d22795fef configName activator humanReadableName Activator protocolVersion 3 featureTags Vector()
Connected Clients: activator-a6b72b69-808f-404a-a539-176d22795fef
Taking next connection to: 63320
New client attempting to connect on port: 63322-63320
  Address = /192.168.43.92:63320
Handshake exception on socket: 63322
sbt.impl.ipc.HandshakeException: Unable to perform handshake
	at sbt.impl.ipc.Peer.handshake(IPC.scala:46)
	at sbt.impl.ipc.MultiClientServer.<init>(IPC.scala:150)
	at sbt.server.SbtServerSocketHandler$$anon$1.run(SbtServerSocketHandler.scala:43)
Caused by: java.io.EOFException
	at java.io.DataInputStream.readInt(DataInputStream.java:392)
	at sbt.impl.ipc.Peer.receive(IPC.scala:95)
	at sbt.impl.ipc.Peer.handshake(IPC.scala:49)
	... 2 more
Taking next connection to: 63320
New client attempting to connect on port: 63323-63320
  Address = /192.168.43.92:63320
This client on port 63323 has uuid 6fa41ff1-5d81-4e88-8a14-b86ceb186cd2 configName activator humanReadableName Activator protocolVersion 3 featureTags Vector()
Connected Clients: activator-a6b72b69-808f-404a-a539-176d22795fef, activator-6fa41ff1-5d81-4e88-8a14-b86ceb186cd2
Taking next connection to: 63320
New client attempting to connect on port: 63345-63320
  Address = /192.168.43.92:63320
Handshake exception on socket: 63345
sbt.impl.ipc.HandshakeException: Unable to perform handshake
	at sbt.impl.ipc.Peer.handshake(IPC.scala:46)
	at sbt.impl.ipc.MultiClientServer.<init>(IPC.scala:150)
	at sbt.server.SbtServerSocketHandler$$anon$1.run(SbtServerSocketHandler.scala:43)
Caused by: java.io.EOFException
	at java.io.DataInputStream.readInt(DataInputStream.java:392)
	at sbt.impl.ipc.Peer.receive(IPC.scala:95)
	at sbt.impl.ipc.Peer.handshake(IPC.scala:49)
	... 2 more
Taking next connection to: 63320
New client attempting to connect on port: 63346-63320
  Address = /192.168.43.92:63320
This client on port 63346 has uuid 2e33cf9b-cf8a-45d4-9b3e-71d002b7b462 configName play-fork-run humanReadableName Play Fork Run protocolVersion 1 featureTags Vector()
Connected Clients: activator-a6b72b69-808f-404a-a539-176d22795fef, play-fork-run-2e33cf9b-cf8a-45d4-9b3e-71d002b7b462
Taking next connection to: 63320
